{"/home/netcreature/Documents/code/mernApp/client/src/App.js": {"path":"/home/netcreature/Documents/code/mernApp/client/src/App.js","statementMap":{"0":{"start":{"line":12,"column":15},"end":{"line":12,"column":49}},"1":{"start":{"line":12,"column":38},"end":{"line":12,"column":48}},"2":{"start":{"line":13,"column":16},"end":{"line":13,"column":71}},"3":{"start":{"line":13,"column":30},"end":{"line":13,"column":62}},"4":{"start":{"line":14,"column":17},"end":{"line":14,"column":61}},"5":{"start":{"line":14,"column":48},"end":{"line":14,"column":59}},"6":{"start":{"line":16,"column":2},"end":{"line":35,"column":4}}},"fnMap":{"0":{"name":"App","decl":{"start":{"line":11,"column":9},"end":{"line":11,"column":12}},"loc":{"start":{"line":11,"column":15},"end":{"line":36,"column":1}},"line":11},"1":{"name":"(anonymous_1)","decl":{"start":{"line":12,"column":27},"end":{"line":12,"column":28}},"loc":{"start":{"line":12,"column":38},"end":{"line":12,"column":48}},"line":12},"2":{"name":"(anonymous_2)","decl":{"start":{"line":13,"column":24},"end":{"line":13,"column":25}},"loc":{"start":{"line":13,"column":30},"end":{"line":13,"column":62}},"line":13},"3":{"name":"(anonymous_3)","decl":{"start":{"line":14,"column":37},"end":{"line":14,"column":38}},"loc":{"start":{"line":14,"column":48},"end":{"line":14,"column":59}},"line":14}},"branchMap":{"0":{"loc":{"start":{"line":25,"column":23},"end":{"line":25,"column":68}},"type":"cond-expr","locations":[{"start":{"line":25,"column":32},"end":{"line":25,"column":44}},{"start":{"line":25,"column":47},"end":{"line":25,"column":68}}],"line":25},"1":{"loc":{"start":{"line":29,"column":23},"end":{"line":29,"column":71}},"type":"cond-expr","locations":[{"start":{"line":29,"column":32},"end":{"line":29,"column":47}},{"start":{"line":29,"column":50},"end":{"line":29,"column":71}}],"line":29}},"s":{"0":0,"1":0,"2":0,"3":0,"4":0,"5":0,"6":0},"f":{"0":0,"1":0,"2":0,"3":0},"b":{"0":[0,0],"1":[0,0]}}
,"/home/netcreature/Documents/code/mernApp/client/src/index.js": {"path":"/home/netcreature/Documents/code/mernApp/client/src/index.js","statementMap":{"0":{"start":{"line":21,"column":22},"end":{"line":21,"column":58}},"1":{"start":{"line":22,"column":25},"end":{"line":22,"column":67}},"2":{"start":{"line":23,"column":14},"end":{"line":31,"column":2}},"3":{"start":{"line":26,"column":4},"end":{"line":30,"column":6}},"4":{"start":{"line":33,"column":13},"end":{"line":33,"column":65}},"5":{"start":{"line":34,"column":0},"end":{"line":41,"column":2}}},"fnMap":{"0":{"name":"(anonymous_0)","decl":{"start":{"line":25,"column":14},"end":{"line":25,"column":15}},"loc":{"start":{"line":26,"column":4},"end":{"line":30,"column":6}},"line":26}},"branchMap":{},"s":{"0":0,"1":0,"2":0,"3":0,"4":0,"5":0},"f":{"0":0},"b":{}}
,"/home/netcreature/Documents/code/mernApp/client/src/theme.js": {"path":"/home/netcreature/Documents/code/mernApp/client/src/theme.js","statementMap":{"0":{"start":{"line":2,"column":27},"end":{"line":30,"column":1}},"1":{"start":{"line":33,"column":29},"end":{"line":106,"column":1}},"2":{"start":{"line":34,"column":2},"end":{"line":105,"column":4}}},"fnMap":{"0":{"name":"(anonymous_0)","decl":{"start":{"line":33,"column":29},"end":{"line":33,"column":30}},"loc":{"start":{"line":33,"column":39},"end":{"line":106,"column":1}},"line":33}},"branchMap":{"0":{"loc":{"start":{"line":37,"column":10},"end":{"line":75,"column":11}},"type":"cond-expr","locations":[{"start":{"line":38,"column":10},"end":{"line":56,"column":11}},{"start":{"line":57,"column":10},"end":{"line":75,"column":11}}],"line":37}},"s":{"0":1,"1":1,"2":1},"f":{"0":1},"b":{"0":[0,1]},"_coverageSchema":"1a1c01bbd47fc00a2c39e90264f33305004495a9","hash":"ea295e952e4db6cc8dc5602efa8866c750012bc6"}
,"/home/netcreature/Documents/code/mernApp/client/src/components/FlexBetween.jsx": {"path":"/home/netcreature/Documents/code/mernApp/client/src/components/FlexBetween.jsx","statementMap":{"0":{"start":{"line":4,"column":20},"end":{"line":8,"column":2}}},"fnMap":{},"branchMap":{},"s":{"0":1},"f":{},"b":{},"_coverageSchema":"1a1c01bbd47fc00a2c39e90264f33305004495a9","hash":"083a8d83fac7fbffd8ea03fcb88773a48379f820"}
,"/home/netcreature/Documents/code/mernApp/client/src/components/Friend.jsx": {"path":"/home/netcreature/Documents/code/mernApp/client/src/components/Friend.jsx","statementMap":{"0":{"start":{"line":9,"column":15},"end":{"line":79,"column":1}},"1":{"start":{"line":10,"column":19},"end":{"line":10,"column":32}},"2":{"start":{"line":11,"column":19},"end":{"line":11,"column":32}},"3":{"start":{"line":12,"column":18},"end":{"line":12,"column":52}},"4":{"start":{"line":12,"column":41},"end":{"line":12,"column":51}},"5":{"start":{"line":13,"column":16},"end":{"line":13,"column":51}},"6":{"start":{"line":13,"column":39},"end":{"line":13,"column":50}},"7":{"start":{"line":14,"column":18},"end":{"line":14,"column":60}},"8":{"start":{"line":14,"column":41},"end":{"line":14,"column":59}},"9":{"start":{"line":16,"column":22},"end":{"line":16,"column":32}},"10":{"start":{"line":17,"column":23},"end":{"line":17,"column":44}},"11":{"start":{"line":18,"column":22},"end":{"line":18,"column":42}},"12":{"start":{"line":19,"column":15},"end":{"line":19,"column":35}},"13":{"start":{"line":20,"column":17},"end":{"line":20,"column":39}},"14":{"start":{"line":22,"column":19},"end":{"line":22,"column":68}},"15":{"start":{"line":22,"column":44},"end":{"line":22,"column":67}},"16":{"start":{"line":24,"column":22},"end":{"line":37,"column":3}},"17":{"start":{"line":25,"column":21},"end":{"line":34,"column":5}},"18":{"start":{"line":35,"column":17},"end":{"line":35,"column":38}},"19":{"start":{"line":36,"column":4},"end":{"line":36,"column":44}},"20":{"start":{"line":39,"column":2},"end":{"line":78,"column":4}},"21":{"start":{"line":45,"column":12},"end":{"line":45,"column":45}},"22":{"start":{"line":46,"column":12},"end":{"line":46,"column":24}},"23":{"start":{"line":68,"column":23},"end":{"line":68,"column":36}}},"fnMap":{"0":{"name":"(anonymous_0)","decl":{"start":{"line":9,"column":15},"end":{"line":9,"column":16}},"loc":{"start":{"line":9,"column":66},"end":{"line":79,"column":1}},"line":9},"1":{"name":"(anonymous_1)","decl":{"start":{"line":12,"column":30},"end":{"line":12,"column":31}},"loc":{"start":{"line":12,"column":41},"end":{"line":12,"column":51}},"line":12},"2":{"name":"(anonymous_2)","decl":{"start":{"line":13,"column":28},"end":{"line":13,"column":29}},"loc":{"start":{"line":13,"column":39},"end":{"line":13,"column":50}},"line":13},"3":{"name":"(anonymous_3)","decl":{"start":{"line":14,"column":30},"end":{"line":14,"column":31}},"loc":{"start":{"line":14,"column":41},"end":{"line":14,"column":59}},"line":14},"4":{"name":"(anonymous_4)","decl":{"start":{"line":22,"column":32},"end":{"line":22,"column":33}},"loc":{"start":{"line":22,"column":44},"end":{"line":22,"column":67}},"line":22},"5":{"name":"(anonymous_5)","decl":{"start":{"line":24,"column":22},"end":{"line":24,"column":23}},"loc":{"start":{"line":24,"column":34},"end":{"line":37,"column":3}},"line":24},"6":{"name":"(anonymous_6)","decl":{"start":{"line":44,"column":19},"end":{"line":44,"column":20}},"loc":{"start":{"line":44,"column":25},"end":{"line":47,"column":11}},"line":44},"7":{"name":"(anonymous_7)","decl":{"start":{"line":68,"column":17},"end":{"line":68,"column":18}},"loc":{"start":{"line":68,"column":23},"end":{"line":68,"column":36}},"line":68}},"branchMap":{"0":{"loc":{"start":{"line":71,"column":9},"end":{"line":75,"column":9}},"type":"cond-expr","locations":[{"start":{"line":72,"column":10},"end":{"line":72,"column":62}},{"start":{"line":74,"column":10},"end":{"line":74,"column":59}}],"line":71}},"s":{"0":0,"1":0,"2":0,"3":0,"4":0,"5":0,"6":0,"7":0,"8":0,"9":0,"10":0,"11":0,"12":0,"13":0,"14":0,"15":0,"16":0,"17":0,"18":0,"19":0,"20":0,"21":0,"22":0,"23":0},"f":{"0":0,"1":0,"2":0,"3":0,"4":0,"5":0,"6":0,"7":0},"b":{"0":[0,0]}}
,"/home/netcreature/Documents/code/mernApp/client/src/components/UserImage.jsx": {"path":"/home/netcreature/Documents/code/mernApp/client/src/components/UserImage.jsx","statementMap":{"0":{"start":{"line":3,"column":18},"end":{"line":15,"column":1}},"1":{"start":{"line":4,"column":2},"end":{"line":14,"column":4}}},"fnMap":{"0":{"name":"(anonymous_0)","decl":{"start":{"line":3,"column":18},"end":{"line":3,"column":19}},"loc":{"start":{"line":3,"column":48},"end":{"line":15,"column":1}},"line":3}},"branchMap":{"0":{"loc":{"start":{"line":3,"column":28},"end":{"line":3,"column":41}},"type":"default-arg","locations":[{"start":{"line":3,"column":35},"end":{"line":3,"column":41}}],"line":3}},"s":{"0":0,"1":0},"f":{"0":0},"b":{"0":[0]}}
,"/home/netcreature/Documents/code/mernApp/client/src/components/WidgetWrapper.jsx": {"path":"/home/netcreature/Documents/code/mernApp/client/src/components/WidgetWrapper.jsx","statementMap":{"0":{"start":{"line":4,"column":22},"end":{"line":8,"column":3}},"1":{"start":{"line":4,"column":50},"end":{"line":8,"column":1}}},"fnMap":{"0":{"name":"(anonymous_0)","decl":{"start":{"line":4,"column":34},"end":{"line":4,"column":35}},"loc":{"start":{"line":4,"column":50},"end":{"line":8,"column":1}},"line":4}},"branchMap":{},"s":{"0":0,"1":0},"f":{"0":0},"b":{}}
,"/home/netcreature/Documents/code/mernApp/client/src/scenes/homePage/index.jsx": {"path":"/home/netcreature/Documents/code/mernApp/client/src/scenes/homePage/index.jsx","statementMap":{"0":{"start":{"line":11,"column":17},"end":{"line":45,"column":1}},"1":{"start":{"line":12,"column":29},"end":{"line":12,"column":64}},"2":{"start":{"line":13,"column":31},"end":{"line":13,"column":65}},"3":{"start":{"line":13,"column":54},"end":{"line":13,"column":64}},"4":{"start":{"line":15,"column":2},"end":{"line":44,"column":4}}},"fnMap":{"0":{"name":"(anonymous_0)","decl":{"start":{"line":11,"column":17},"end":{"line":11,"column":18}},"loc":{"start":{"line":11,"column":23},"end":{"line":45,"column":1}},"line":11},"1":{"name":"(anonymous_1)","decl":{"start":{"line":13,"column":43},"end":{"line":13,"column":44}},"loc":{"start":{"line":13,"column":54},"end":{"line":13,"column":64}},"line":13}},"branchMap":{"0":{"loc":{"start":{"line":21,"column":17},"end":{"line":21,"column":54}},"type":"cond-expr","locations":[{"start":{"line":21,"column":38},"end":{"line":21,"column":44}},{"start":{"line":21,"column":47},"end":{"line":21,"column":54}}],"line":21},"1":{"loc":{"start":{"line":25,"column":24},"end":{"line":25,"column":62}},"type":"cond-expr","locations":[{"start":{"line":25,"column":45},"end":{"line":25,"column":50}},{"start":{"line":25,"column":53},"end":{"line":25,"column":62}}],"line":25},"2":{"loc":{"start":{"line":29,"column":21},"end":{"line":29,"column":59}},"type":"cond-expr","locations":[{"start":{"line":29,"column":42},"end":{"line":29,"column":47}},{"start":{"line":29,"column":50},"end":{"line":29,"column":59}}],"line":29},"3":{"loc":{"start":{"line":30,"column":14},"end":{"line":30,"column":53}},"type":"cond-expr","locations":[{"start":{"line":30,"column":35},"end":{"line":30,"column":44}},{"start":{"line":30,"column":47},"end":{"line":30,"column":53}}],"line":30},"4":{"loc":{"start":{"line":35,"column":9},"end":{"line":41,"column":9}},"type":"binary-expr","locations":[{"start":{"line":35,"column":9},"end":{"line":35,"column":27}},{"start":{"line":36,"column":10},"end":{"line":40,"column":16}}],"line":35}},"s":{"0":0,"1":0,"2":0,"3":0,"4":0},"f":{"0":0,"1":0},"b":{"0":[0,0],"1":[0,0],"2":[0,0],"3":[0,0],"4":[0,0]}}
,"/home/netcreature/Documents/code/mernApp/client/src/scenes/loginPage/Form.jsx": {"path":"/home/netcreature/Documents/code/mernApp/client/src/scenes/loginPage/Form.jsx","statementMap":{"0":{"start":{"line":19,"column":25},"end":{"line":27,"column":2}},"1":{"start":{"line":29,"column":20},"end":{"line":32,"column":2}},"2":{"start":{"line":34,"column":30},"end":{"line":42,"column":1}},"3":{"start":{"line":44,"column":27},"end":{"line":47,"column":1}},"4":{"start":{"line":49,"column":13},"end":{"line":268,"column":1}},"5":{"start":{"line":50,"column":34},"end":{"line":50,"column":51}},"6":{"start":{"line":51,"column":19},"end":{"line":51,"column":32}},"7":{"start":{"line":52,"column":22},"end":{"line":52,"column":32}},"8":{"start":{"line":53,"column":19},"end":{"line":53,"column":32}},"9":{"start":{"line":54,"column":22},"end":{"line":54,"column":57}},"10":{"start":{"line":55,"column":18},"end":{"line":55,"column":38}},"11":{"start":{"line":56,"column":21},"end":{"line":56,"column":44}},"12":{"start":{"line":58,"column":19},"end":{"line":77,"column":3}},"13":{"start":{"line":59,"column":21},"end":{"line":59,"column":35}},"14":{"start":{"line":60,"column":4},"end":{"line":62,"column":5}},"15":{"start":{"line":61,"column":6},"end":{"line":61,"column":44}},"16":{"start":{"line":63,"column":4},"end":{"line":63,"column":56}},"17":{"start":{"line":65,"column":30},"end":{"line":68,"column":5}},"18":{"start":{"line":69,"column":22},"end":{"line":69,"column":52}},"19":{"start":{"line":70,"column":4},"end":{"line":70,"column":30}},"20":{"start":{"line":72,"column":4},"end":{"line":76,"column":5}},"21":{"start":{"line":73,"column":6},"end":{"line":73,"column":27}},"22":{"start":{"line":74,"column":6},"end":{"line":74,"column":45}},"23":{"start":{"line":79,"column":16},"end":{"line":99,"column":3}},"24":{"start":{"line":80,"column":29},"end":{"line":87,"column":5}},"25":{"start":{"line":88,"column":25},"end":{"line":88,"column":54}},"26":{"start":{"line":89,"column":4},"end":{"line":89,"column":30}},"27":{"start":{"line":90,"column":4},"end":{"line":98,"column":5}},"28":{"start":{"line":91,"column":6},"end":{"line":96,"column":8}},"29":{"start":{"line":97,"column":6},"end":{"line":97,"column":24}},"30":{"start":{"line":101,"column":27},"end":{"line":104,"column":3}},"31":{"start":{"line":102,"column":4},"end":{"line":102,"column":52}},"32":{"start":{"line":102,"column":17},"end":{"line":102,"column":52}},"33":{"start":{"line":103,"column":4},"end":{"line":103,"column":58}},"34":{"start":{"line":103,"column":20},"end":{"line":103,"column":58}},"35":{"start":{"line":106,"column":2},"end":{"line":267,"column":4}},"36":{"start":{"line":122,"column":8},"end":{"line":264,"column":15}},"37":{"start":{"line":183,"column":22},"end":{"line":183,"column":64}},"38":{"start":{"line":187,"column":22},"end":{"line":202,"column":28}},"39":{"start":{"line":250,"column":16},"end":{"line":250,"column":60}},"40":{"start":{"line":251,"column":16},"end":{"line":251,"column":28}}},"fnMap":{"0":{"name":"(anonymous_0)","decl":{"start":{"line":49,"column":13},"end":{"line":49,"column":14}},"loc":{"start":{"line":49,"column":19},"end":{"line":268,"column":1}},"line":49},"1":{"name":"(anonymous_1)","decl":{"start":{"line":58,"column":19},"end":{"line":58,"column":20}},"loc":{"start":{"line":58,"column":52},"end":{"line":77,"column":3}},"line":58},"2":{"name":"(anonymous_2)","decl":{"start":{"line":79,"column":16},"end":{"line":79,"column":17}},"loc":{"start":{"line":79,"column":49},"end":{"line":99,"column":3}},"line":79},"3":{"name":"(anonymous_3)","decl":{"start":{"line":101,"column":27},"end":{"line":101,"column":28}},"loc":{"start":{"line":101,"column":60},"end":{"line":104,"column":3}},"line":101},"4":{"name":"(anonymous_4)","decl":{"start":{"line":112,"column":7},"end":{"line":112,"column":8}},"loc":{"start":{"line":122,"column":8},"end":{"line":264,"column":15}},"line":122},"5":{"name":"(anonymous_5)","decl":{"start":{"line":182,"column":28},"end":{"line":182,"column":29}},"loc":{"start":{"line":183,"column":22},"end":{"line":183,"column":64}},"line":183},"6":{"name":"(anonymous_6)","decl":{"start":{"line":186,"column":21},"end":{"line":186,"column":22}},"loc":{"start":{"line":187,"column":22},"end":{"line":202,"column":28}},"line":187},"7":{"name":"(anonymous_7)","decl":{"start":{"line":249,"column":23},"end":{"line":249,"column":24}},"loc":{"start":{"line":249,"column":29},"end":{"line":252,"column":15}},"line":249}},"branchMap":{"0":{"loc":{"start":{"line":72,"column":4},"end":{"line":76,"column":5}},"type":"if","locations":[{"start":{"line":72,"column":4},"end":{"line":76,"column":5}},{"start":{},"end":{}}],"line":72},"1":{"loc":{"start":{"line":90,"column":4},"end":{"line":98,"column":5}},"type":"if","locations":[{"start":{"line":90,"column":4},"end":{"line":98,"column":5}},{"start":{},"end":{}}],"line":90},"2":{"loc":{"start":{"line":102,"column":4},"end":{"line":102,"column":52}},"type":"if","locations":[{"start":{"line":102,"column":4},"end":{"line":102,"column":52}},{"start":{},"end":{}}],"line":102},"3":{"loc":{"start":{"line":103,"column":4},"end":{"line":103,"column":58}},"type":"if","locations":[{"start":{"line":103,"column":4},"end":{"line":103,"column":58}},{"start":{},"end":{}}],"line":103},"4":{"loc":{"start":{"line":109,"column":21},"end":{"line":109,"column":73}},"type":"cond-expr","locations":[{"start":{"line":109,"column":31},"end":{"line":109,"column":49}},{"start":{"line":109,"column":52},"end":{"line":109,"column":73}}],"line":109},"5":{"loc":{"start":{"line":110,"column":24},"end":{"line":110,"column":64}},"type":"cond-expr","locations":[{"start":{"line":110,"column":34},"end":{"line":110,"column":45}},{"start":{"line":110,"column":48},"end":{"line":110,"column":64}}],"line":110},"6":{"loc":{"start":{"line":128,"column":39},"end":{"line":128,"column":73}},"type":"cond-expr","locations":[{"start":{"line":128,"column":53},"end":{"line":128,"column":62}},{"start":{"line":128,"column":65},"end":{"line":128,"column":73}}],"line":128},"7":{"loc":{"start":{"line":131,"column":13},"end":{"line":207,"column":13}},"type":"binary-expr","locations":[{"start":{"line":131,"column":13},"end":{"line":131,"column":23}},{"start":{"line":132,"column":14},"end":{"line":206,"column":17}}],"line":131},"8":{"loc":{"start":{"line":139,"column":25},"end":{"line":139,"column":71}},"type":"binary-expr","locations":[{"start":{"line":139,"column":25},"end":{"line":139,"column":42}},{"start":{"line":139,"column":46},"end":{"line":139,"column":71}}],"line":139},"9":{"loc":{"start":{"line":140,"column":30},"end":{"line":140,"column":67}},"type":"binary-expr","locations":[{"start":{"line":140,"column":30},"end":{"line":140,"column":47}},{"start":{"line":140,"column":51},"end":{"line":140,"column":67}}],"line":140},"10":{"loc":{"start":{"line":149,"column":25},"end":{"line":149,"column":69}},"type":"binary-expr","locations":[{"start":{"line":149,"column":25},"end":{"line":149,"column":41}},{"start":{"line":149,"column":45},"end":{"line":149,"column":69}}],"line":149},"11":{"loc":{"start":{"line":150,"column":30},"end":{"line":150,"column":65}},"type":"binary-expr","locations":[{"start":{"line":150,"column":30},"end":{"line":150,"column":46}},{"start":{"line":150,"column":50},"end":{"line":150,"column":65}}],"line":150},"12":{"loc":{"start":{"line":159,"column":25},"end":{"line":159,"column":69}},"type":"binary-expr","locations":[{"start":{"line":159,"column":25},"end":{"line":159,"column":41}},{"start":{"line":159,"column":45},"end":{"line":159,"column":69}}],"line":159},"13":{"loc":{"start":{"line":160,"column":30},"end":{"line":160,"column":65}},"type":"binary-expr","locations":[{"start":{"line":160,"column":30},"end":{"line":160,"column":46}},{"start":{"line":160,"column":50},"end":{"line":160,"column":65}}],"line":160},"14":{"loc":{"start":{"line":169,"column":25},"end":{"line":169,"column":73}},"type":"binary-expr","locations":[{"start":{"line":169,"column":25},"end":{"line":169,"column":43}},{"start":{"line":169,"column":47},"end":{"line":169,"column":73}}],"line":169},"15":{"loc":{"start":{"line":170,"column":30},"end":{"line":170,"column":69}},"type":"binary-expr","locations":[{"start":{"line":170,"column":30},"end":{"line":170,"column":48}},{"start":{"line":170,"column":52},"end":{"line":170,"column":69}}],"line":170},"16":{"loc":{"start":{"line":194,"column":25},"end":{"line":201,"column":25}},"type":"cond-expr","locations":[{"start":{"line":195,"column":26},"end":{"line":195,"column":49}},{"start":{"line":197,"column":26},"end":{"line":200,"column":40}}],"line":194},"17":{"loc":{"start":{"line":215,"column":21},"end":{"line":215,"column":59}},"type":"binary-expr","locations":[{"start":{"line":215,"column":21},"end":{"line":215,"column":34}},{"start":{"line":215,"column":38},"end":{"line":215,"column":59}}],"line":215},"18":{"loc":{"start":{"line":216,"column":26},"end":{"line":216,"column":55}},"type":"binary-expr","locations":[{"start":{"line":216,"column":26},"end":{"line":216,"column":39}},{"start":{"line":216,"column":43},"end":{"line":216,"column":55}}],"line":216},"19":{"loc":{"start":{"line":226,"column":21},"end":{"line":226,"column":65}},"type":"binary-expr","locations":[{"start":{"line":226,"column":21},"end":{"line":226,"column":37}},{"start":{"line":226,"column":41},"end":{"line":226,"column":65}}],"line":226},"20":{"loc":{"start":{"line":227,"column":26},"end":{"line":227,"column":61}},"type":"binary-expr","locations":[{"start":{"line":227,"column":26},"end":{"line":227,"column":42}},{"start":{"line":227,"column":46},"end":{"line":227,"column":61}}],"line":227},"21":{"loc":{"start":{"line":246,"column":15},"end":{"line":246,"column":45}},"type":"cond-expr","locations":[{"start":{"line":246,"column":25},"end":{"line":246,"column":32}},{"start":{"line":246,"column":35},"end":{"line":246,"column":45}}],"line":246},"22":{"loc":{"start":{"line":250,"column":28},"end":{"line":250,"column":58}},"type":"cond-expr","locations":[{"start":{"line":250,"column":38},"end":{"line":250,"column":48}},{"start":{"line":250,"column":51},"end":{"line":250,"column":58}}],"line":250},"23":{"loc":{"start":{"line":259,"column":15},"end":{"line":261,"column":55}},"type":"cond-expr","locations":[{"start":{"line":260,"column":18},"end":{"line":260,"column":56}},{"start":{"line":261,"column":18},"end":{"line":261,"column":55}}],"line":259}},"s":{"0":1,"1":1,"2":1,"3":1,"4":1,"5":1,"6":1,"7":1,"8":1,"9":1,"10":1,"11":1,"12":1,"13":0,"14":0,"15":0,"16":0,"17":0,"18":0,"19":0,"20":0,"21":0,"22":0,"23":1,"24":0,"25":0,"26":0,"27":0,"28":0,"29":0,"30":1,"31":0,"32":0,"33":0,"34":0,"35":1,"36":1,"37":0,"38":0,"39":0,"40":0},"f":{"0":1,"1":0,"2":0,"3":0,"4":1,"5":0,"6":0,"7":0},"b":{"0":[0,0],"1":[0,0],"2":[0,0],"3":[0,0],"4":[1,0],"5":[1,0],"6":[0,1],"7":[1,0],"8":[0,0],"9":[0,0],"10":[0,0],"11":[0,0],"12":[0,0],"13":[0,0],"14":[0,0],"15":[0,0],"16":[0,0],"17":[1,0],"18":[1,0],"19":[1,0],"20":[1,0],"21":[1,0],"22":[0,0],"23":[1,0]},"_coverageSchema":"1a1c01bbd47fc00a2c39e90264f33305004495a9","hash":"8a2372364b50bcec89359038424627a7948643b9"}
,"/home/netcreature/Documents/code/mernApp/client/src/scenes/loginPage/index.js": {"path":"/home/netcreature/Documents/code/mernApp/client/src/scenes/loginPage/index.js","statementMap":{"0":{"start":{"line":5,"column":18},"end":{"line":45,"column":1}},"1":{"start":{"line":6,"column":16},"end":{"line":6,"column":26}},"2":{"start":{"line":7,"column":29},"end":{"line":7,"column":64}},"3":{"start":{"line":9,"column":2},"end":{"line":44,"column":4}}},"fnMap":{"0":{"name":"(anonymous_0)","decl":{"start":{"line":5,"column":18},"end":{"line":5,"column":19}},"loc":{"start":{"line":5,"column":24},"end":{"line":45,"column":1}},"line":5}},"branchMap":{"0":{"loc":{"start":{"line":27,"column":15},"end":{"line":27,"column":49}},"type":"cond-expr","locations":[{"start":{"line":27,"column":36},"end":{"line":27,"column":41}},{"start":{"line":27,"column":44},"end":{"line":27,"column":49}}],"line":27}},"s":{"0":0,"1":0,"2":0,"3":0},"f":{"0":0},"b":{"0":[0,0]}}
,"/home/netcreature/Documents/code/mernApp/client/src/scenes/navbar/index.js": {"path":"/home/netcreature/Documents/code/mernApp/client/src/scenes/navbar/index.js","statementMap":{"0":{"start":{"line":28,"column":15},"end":{"line":200,"column":1}},"1":{"start":{"line":29,"column":56},"end":{"line":29,"column":71}},"2":{"start":{"line":30,"column":19},"end":{"line":30,"column":32}},"3":{"start":{"line":31,"column":19},"end":{"line":31,"column":32}},"4":{"start":{"line":32,"column":15},"end":{"line":32,"column":49}},"5":{"start":{"line":32,"column":38},"end":{"line":32,"column":48}},"6":{"start":{"line":33,"column":29},"end":{"line":33,"column":65}},"7":{"start":{"line":35,"column":16},"end":{"line":35,"column":26}},"8":{"start":{"line":36,"column":23},"end":{"line":36,"column":50}},"9":{"start":{"line":37,"column":15},"end":{"line":37,"column":41}},"10":{"start":{"line":38,"column":21},"end":{"line":38,"column":53}},"11":{"start":{"line":39,"column":23},"end":{"line":39,"column":50}},"12":{"start":{"line":40,"column":14},"end":{"line":40,"column":42}},"13":{"start":{"line":43,"column":4},"end":{"line":43,"column":73}},"14":{"start":{"line":45,"column":2},"end":{"line":199,"column":4}},"15":{"start":{"line":53,"column":25},"end":{"line":53,"column":42}},"16":{"start":{"line":81,"column":37},"end":{"line":81,"column":56}},"17":{"start":{"line":112,"column":39},"end":{"line":112,"column":60}},"18":{"start":{"line":118,"column":25},"end":{"line":118,"column":69}},"19":{"start":{"line":141,"column":29},"end":{"line":141,"column":73}},"20":{"start":{"line":157,"column":29},"end":{"line":157,"column":48}},"21":{"start":{"line":190,"column":41},"end":{"line":190,"column":62}}},"fnMap":{"0":{"name":"(anonymous_0)","decl":{"start":{"line":28,"column":15},"end":{"line":28,"column":16}},"loc":{"start":{"line":28,"column":21},"end":{"line":200,"column":1}},"line":28},"1":{"name":"(anonymous_1)","decl":{"start":{"line":32,"column":27},"end":{"line":32,"column":28}},"loc":{"start":{"line":32,"column":38},"end":{"line":32,"column":48}},"line":32},"2":{"name":"(anonymous_2)","decl":{"start":{"line":53,"column":19},"end":{"line":53,"column":20}},"loc":{"start":{"line":53,"column":25},"end":{"line":53,"column":42}},"line":53},"3":{"name":"(anonymous_3)","decl":{"start":{"line":81,"column":31},"end":{"line":81,"column":32}},"loc":{"start":{"line":81,"column":37},"end":{"line":81,"column":56}},"line":81},"4":{"name":"(anonymous_4)","decl":{"start":{"line":112,"column":33},"end":{"line":112,"column":34}},"loc":{"start":{"line":112,"column":39},"end":{"line":112,"column":60}},"line":112},"5":{"name":"(anonymous_5)","decl":{"start":{"line":118,"column":19},"end":{"line":118,"column":20}},"loc":{"start":{"line":118,"column":25},"end":{"line":118,"column":69}},"line":118},"6":{"name":"(anonymous_6)","decl":{"start":{"line":141,"column":23},"end":{"line":141,"column":24}},"loc":{"start":{"line":141,"column":29},"end":{"line":141,"column":73}},"line":141},"7":{"name":"(anonymous_7)","decl":{"start":{"line":157,"column":23},"end":{"line":157,"column":24}},"loc":{"start":{"line":157,"column":29},"end":{"line":157,"column":48}},"line":157},"8":{"name":"(anonymous_8)","decl":{"start":{"line":190,"column":35},"end":{"line":190,"column":36}},"loc":{"start":{"line":190,"column":41},"end":{"line":190,"column":62}},"line":190}},"branchMap":{"0":{"loc":{"start":{"line":43,"column":4},"end":{"line":43,"column":73}},"type":"cond-expr","locations":[{"start":{"line":43,"column":20},"end":{"line":43,"column":34}},{"start":{"line":43,"column":37},"end":{"line":43,"column":73}}],"line":43},"1":{"loc":{"start":{"line":63,"column":9},"end":{"line":75,"column":9}},"type":"binary-expr","locations":[{"start":{"line":63,"column":9},"end":{"line":63,"column":27}},{"start":{"line":64,"column":10},"end":{"line":74,"column":24}}],"line":63},"2":{"loc":{"start":{"line":79,"column":7},"end":{"line":122,"column":7}},"type":"cond-expr","locations":[{"start":{"line":80,"column":8},"end":{"line":115,"column":22}},{"start":{"line":117,"column":8},"end":{"line":121,"column":21}}],"line":79},"3":{"loc":{"start":{"line":82,"column":13},"end":{"line":86,"column":13}},"type":"cond-expr","locations":[{"start":{"line":83,"column":14},"end":{"line":83,"column":52}},{"start":{"line":85,"column":14},"end":{"line":85,"column":66}}],"line":82},"4":{"loc":{"start":{"line":126,"column":7},"end":{"line":197,"column":7}},"type":"binary-expr","locations":[{"start":{"line":126,"column":7},"end":{"line":126,"column":26}},{"start":{"line":126,"column":30},"end":{"line":126,"column":49}},{"start":{"line":127,"column":8},"end":{"line":196,"column":14}}],"line":126},"5":{"loc":{"start":{"line":160,"column":15},"end":{"line":164,"column":15}},"type":"cond-expr","locations":[{"start":{"line":161,"column":16},"end":{"line":161,"column":54}},{"start":{"line":163,"column":16},"end":{"line":163,"column":68}}],"line":160}},"s":{"0":0,"1":0,"2":0,"3":0,"4":0,"5":0,"6":0,"7":0,"8":0,"9":0,"10":0,"11":0,"12":0,"13":0,"14":0,"15":0,"16":0,"17":0,"18":0,"19":0,"20":0,"21":0},"f":{"0":0,"1":0,"2":0,"3":0,"4":0,"5":0,"6":0,"7":0,"8":0},"b":{"0":[0,0],"1":[0,0],"2":[0,0],"3":[0,0],"4":[0,0,0],"5":[0,0]}}
,"/home/netcreature/Documents/code/mernApp/client/src/scenes/profilePage/index.js": {"path":"/home/netcreature/Documents/code/mernApp/client/src/scenes/profilePage/index.js","statementMap":{"0":{"start":{"line":11,"column":20},"end":{"line":61,"column":1}},"1":{"start":{"line":12,"column":26},"end":{"line":12,"column":40}},"2":{"start":{"line":13,"column":21},"end":{"line":13,"column":32}},"3":{"start":{"line":14,"column":16},"end":{"line":14,"column":51}},"4":{"start":{"line":14,"column":39},"end":{"line":14,"column":50}},"5":{"start":{"line":15,"column":29},"end":{"line":15,"column":64}},"6":{"start":{"line":17,"column":18},"end":{"line":27,"column":3}},"7":{"start":{"line":18,"column":21},"end":{"line":24,"column":5}},"8":{"start":{"line":25,"column":17},"end":{"line":25,"column":38}},"9":{"start":{"line":26,"column":4},"end":{"line":26,"column":18}},"10":{"start":{"line":29,"column":2},"end":{"line":31,"column":9}},"11":{"start":{"line":30,"column":4},"end":{"line":30,"column":14}},"12":{"start":{"line":33,"column":2},"end":{"line":33,"column":25}},"13":{"start":{"line":33,"column":13},"end":{"line":33,"column":25}},"14":{"start":{"line":35,"column":2},"end":{"line":60,"column":4}}},"fnMap":{"0":{"name":"(anonymous_0)","decl":{"start":{"line":11,"column":20},"end":{"line":11,"column":21}},"loc":{"start":{"line":11,"column":26},"end":{"line":61,"column":1}},"line":11},"1":{"name":"(anonymous_1)","decl":{"start":{"line":14,"column":28},"end":{"line":14,"column":29}},"loc":{"start":{"line":14,"column":39},"end":{"line":14,"column":50}},"line":14},"2":{"name":"(anonymous_2)","decl":{"start":{"line":17,"column":18},"end":{"line":17,"column":19}},"loc":{"start":{"line":17,"column":30},"end":{"line":27,"column":3}},"line":17},"3":{"name":"(anonymous_3)","decl":{"start":{"line":29,"column":12},"end":{"line":29,"column":13}},"loc":{"start":{"line":29,"column":18},"end":{"line":31,"column":3}},"line":29}},"branchMap":{"0":{"loc":{"start":{"line":33,"column":2},"end":{"line":33,"column":25}},"type":"if","locations":[{"start":{"line":33,"column":2},"end":{"line":33,"column":25}},{"start":{},"end":{}}],"line":33},"1":{"loc":{"start":{"line":41,"column":17},"end":{"line":41,"column":54}},"type":"cond-expr","locations":[{"start":{"line":41,"column":38},"end":{"line":41,"column":44}},{"start":{"line":41,"column":47},"end":{"line":41,"column":54}}],"line":41},"2":{"loc":{"start":{"line":45,"column":24},"end":{"line":45,"column":62}},"type":"cond-expr","locations":[{"start":{"line":45,"column":45},"end":{"line":45,"column":50}},{"start":{"line":45,"column":53},"end":{"line":45,"column":62}}],"line":45},"3":{"loc":{"start":{"line":51,"column":21},"end":{"line":51,"column":59}},"type":"cond-expr","locations":[{"start":{"line":51,"column":42},"end":{"line":51,"column":47}},{"start":{"line":51,"column":50},"end":{"line":51,"column":59}}],"line":51},"4":{"loc":{"start":{"line":52,"column":14},"end":{"line":52,"column":53}},"type":"cond-expr","locations":[{"start":{"line":52,"column":35},"end":{"line":52,"column":44}},{"start":{"line":52,"column":47},"end":{"line":52,"column":53}}],"line":52}},"s":{"0":0,"1":0,"2":0,"3":0,"4":0,"5":0,"6":0,"7":0,"8":0,"9":0,"10":0,"11":0,"12":0,"13":0,"14":0},"f":{"0":0,"1":0,"2":0,"3":0},"b":{"0":[0,0],"1":[0,0],"2":[0,0],"3":[0,0],"4":[0,0]}}
,"/home/netcreature/Documents/code/mernApp/client/src/scenes/widgets/AdvertWidget.jsx": {"path":"/home/netcreature/Documents/code/mernApp/client/src/scenes/widgets/AdvertWidget.jsx","statementMap":{"0":{"start":{"line":5,"column":21},"end":{"line":36,"column":1}},"1":{"start":{"line":6,"column":18},"end":{"line":6,"column":36}},"2":{"start":{"line":7,"column":15},"end":{"line":7,"column":35}},"3":{"start":{"line":8,"column":15},"end":{"line":8,"column":35}},"4":{"start":{"line":9,"column":17},"end":{"line":9,"column":39}},"5":{"start":{"line":11,"column":2},"end":{"line":35,"column":4}}},"fnMap":{"0":{"name":"(anonymous_0)","decl":{"start":{"line":5,"column":21},"end":{"line":5,"column":22}},"loc":{"start":{"line":5,"column":27},"end":{"line":36,"column":1}},"line":5}},"branchMap":{},"s":{"0":0,"1":0,"2":0,"3":0,"4":0,"5":0},"f":{"0":0},"b":{}}
,"/home/netcreature/Documents/code/mernApp/client/src/scenes/widgets/FriendListWidget.jsx": {"path":"/home/netcreature/Documents/code/mernApp/client/src/scenes/widgets/FriendListWidget.jsx","statementMap":{"0":{"start":{"line":8,"column":25},"end":{"line":52,"column":1}},"1":{"start":{"line":9,"column":19},"end":{"line":9,"column":32}},"2":{"start":{"line":10,"column":22},"end":{"line":10,"column":32}},"3":{"start":{"line":11,"column":16},"end":{"line":11,"column":51}},"4":{"start":{"line":11,"column":39},"end":{"line":11,"column":50}},"5":{"start":{"line":12,"column":18},"end":{"line":12,"column":60}},"6":{"start":{"line":12,"column":41},"end":{"line":12,"column":59}},"7":{"start":{"line":14,"column":21},"end":{"line":23,"column":3}},"8":{"start":{"line":15,"column":21},"end":{"line":21,"column":5}},"9":{"start":{"line":22,"column":4},"end":{"line":22,"column":61}},"10":{"start":{"line":25,"column":2},"end":{"line":27,"column":9}},"11":{"start":{"line":26,"column":4},"end":{"line":26,"column":17}},"12":{"start":{"line":29,"column":2},"end":{"line":51,"column":4}},"13":{"start":{"line":41,"column":10},"end":{"line":47,"column":12}}},"fnMap":{"0":{"name":"(anonymous_0)","decl":{"start":{"line":8,"column":25},"end":{"line":8,"column":26}},"loc":{"start":{"line":8,"column":41},"end":{"line":52,"column":1}},"line":8},"1":{"name":"(anonymous_1)","decl":{"start":{"line":11,"column":28},"end":{"line":11,"column":29}},"loc":{"start":{"line":11,"column":39},"end":{"line":11,"column":50}},"line":11},"2":{"name":"(anonymous_2)","decl":{"start":{"line":12,"column":30},"end":{"line":12,"column":31}},"loc":{"start":{"line":12,"column":41},"end":{"line":12,"column":59}},"line":12},"3":{"name":"(anonymous_3)","decl":{"start":{"line":14,"column":21},"end":{"line":14,"column":22}},"loc":{"start":{"line":14,"column":33},"end":{"line":23,"column":3}},"line":14},"4":{"name":"(anonymous_4)","decl":{"start":{"line":25,"column":12},"end":{"line":25,"column":13}},"loc":{"start":{"line":25,"column":18},"end":{"line":27,"column":3}},"line":25},"5":{"name":"(anonymous_5)","decl":{"start":{"line":40,"column":21},"end":{"line":40,"column":22}},"loc":{"start":{"line":41,"column":10},"end":{"line":47,"column":12}},"line":41}},"branchMap":{},"s":{"0":0,"1":0,"2":0,"3":0,"4":0,"5":0,"6":0,"7":0,"8":0,"9":0,"10":0,"11":0,"12":0,"13":0},"f":{"0":0,"1":0,"2":0,"3":0,"4":0,"5":0},"b":{}}
,"/home/netcreature/Documents/code/mernApp/client/src/scenes/widgets/MyPostWidget.jsx": {"path":"/home/netcreature/Documents/code/mernApp/client/src/scenes/widgets/MyPostWidget.jsx","statementMap":{"0":{"start":{"line":28,"column":21},"end":{"line":174,"column":1}},"1":{"start":{"line":29,"column":19},"end":{"line":29,"column":32}},"2":{"start":{"line":30,"column":32},"end":{"line":30,"column":47}},"3":{"start":{"line":31,"column":28},"end":{"line":31,"column":42}},"4":{"start":{"line":32,"column":26},"end":{"line":32,"column":38}},"5":{"start":{"line":33,"column":22},"end":{"line":33,"column":32}},"6":{"start":{"line":34,"column":18},"end":{"line":34,"column":52}},"7":{"start":{"line":34,"column":41},"end":{"line":34,"column":51}},"8":{"start":{"line":35,"column":16},"end":{"line":35,"column":51}},"9":{"start":{"line":35,"column":39},"end":{"line":35,"column":50}},"10":{"start":{"line":36,"column":29},"end":{"line":36,"column":65}},"11":{"start":{"line":37,"column":21},"end":{"line":37,"column":47}},"12":{"start":{"line":38,"column":17},"end":{"line":38,"column":39}},"13":{"start":{"line":40,"column":21},"end":{"line":61,"column":3}},"14":{"start":{"line":41,"column":21},"end":{"line":41,"column":35}},"15":{"start":{"line":42,"column":4},"end":{"line":42,"column":35}},"16":{"start":{"line":43,"column":4},"end":{"line":43,"column":41}},"17":{"start":{"line":44,"column":4},"end":{"line":47,"column":5}},"18":{"start":{"line":45,"column":6},"end":{"line":45,"column":40}},"19":{"start":{"line":46,"column":6},"end":{"line":46,"column":49}},"20":{"start":{"line":49,"column":21},"end":{"line":56,"column":5}},"21":{"start":{"line":57,"column":18},"end":{"line":57,"column":39}},"22":{"start":{"line":58,"column":4},"end":{"line":58,"column":34}},"23":{"start":{"line":59,"column":4},"end":{"line":59,"column":19}},"24":{"start":{"line":60,"column":4},"end":{"line":60,"column":16}},"25":{"start":{"line":63,"column":2},"end":{"line":173,"column":4}},"26":{"start":{"line":69,"column":27},"end":{"line":69,"column":50}},"27":{"start":{"line":89,"column":39},"end":{"line":89,"column":65}},"28":{"start":{"line":92,"column":14},"end":{"line":118,"column":28}},"29":{"start":{"line":112,"column":35},"end":{"line":112,"column":49}},"30":{"start":{"line":127,"column":50},"end":{"line":127,"column":70}}},"fnMap":{"0":{"name":"(anonymous_0)","decl":{"start":{"line":28,"column":21},"end":{"line":28,"column":22}},"loc":{"start":{"line":28,"column":42},"end":{"line":174,"column":1}},"line":28},"1":{"name":"(anonymous_1)","decl":{"start":{"line":34,"column":30},"end":{"line":34,"column":31}},"loc":{"start":{"line":34,"column":41},"end":{"line":34,"column":51}},"line":34},"2":{"name":"(anonymous_2)","decl":{"start":{"line":35,"column":28},"end":{"line":35,"column":29}},"loc":{"start":{"line":35,"column":39},"end":{"line":35,"column":50}},"line":35},"3":{"name":"(anonymous_3)","decl":{"start":{"line":40,"column":21},"end":{"line":40,"column":22}},"loc":{"start":{"line":40,"column":33},"end":{"line":61,"column":3}},"line":40},"4":{"name":"(anonymous_4)","decl":{"start":{"line":69,"column":20},"end":{"line":69,"column":21}},"loc":{"start":{"line":69,"column":27},"end":{"line":69,"column":50}},"line":69},"5":{"name":"(anonymous_5)","decl":{"start":{"line":89,"column":20},"end":{"line":89,"column":21}},"loc":{"start":{"line":89,"column":39},"end":{"line":89,"column":65}},"line":89},"6":{"name":"(anonymous_6)","decl":{"start":{"line":91,"column":13},"end":{"line":91,"column":14}},"loc":{"start":{"line":92,"column":14},"end":{"line":118,"column":28}},"line":92},"7":{"name":"(anonymous_7)","decl":{"start":{"line":112,"column":29},"end":{"line":112,"column":30}},"loc":{"start":{"line":112,"column":35},"end":{"line":112,"column":49}},"line":112},"8":{"name":"(anonymous_8)","decl":{"start":{"line":127,"column":44},"end":{"line":127,"column":45}},"loc":{"start":{"line":127,"column":50},"end":{"line":127,"column":70}},"line":127}},"branchMap":{"0":{"loc":{"start":{"line":44,"column":4},"end":{"line":47,"column":5}},"type":"if","locations":[{"start":{"line":44,"column":4},"end":{"line":47,"column":5}},{"start":{},"end":{}}],"line":44},"1":{"loc":{"start":{"line":79,"column":7},"end":{"line":122,"column":7}},"type":"binary-expr","locations":[{"start":{"line":79,"column":7},"end":{"line":79,"column":14}},{"start":{"line":80,"column":8},"end":{"line":121,"column":14}}],"line":79},"2":{"loc":{"start":{"line":101,"column":19},"end":{"line":108,"column":19}},"type":"cond-expr","locations":[{"start":{"line":102,"column":20},"end":{"line":102,"column":41}},{"start":{"line":104,"column":20},"end":{"line":107,"column":34}}],"line":101},"3":{"loc":{"start":{"line":110,"column":17},"end":{"line":117,"column":17}},"type":"binary-expr","locations":[{"start":{"line":110,"column":17},"end":{"line":110,"column":22}},{"start":{"line":111,"column":18},"end":{"line":116,"column":31}}],"line":110},"4":{"loc":{"start":{"line":137,"column":9},"end":{"line":158,"column":9}},"type":"cond-expr","locations":[{"start":{"line":138,"column":10},"end":{"line":153,"column":13}},{"start":{"line":155,"column":10},"end":{"line":157,"column":24}}],"line":137}},"s":{"0":0,"1":0,"2":0,"3":0,"4":0,"5":0,"6":0,"7":0,"8":0,"9":0,"10":0,"11":0,"12":0,"13":0,"14":0,"15":0,"16":0,"17":0,"18":0,"19":0,"20":0,"21":0,"22":0,"23":0,"24":0,"25":0,"26":0,"27":0,"28":0,"29":0,"30":0},"f":{"0":0,"1":0,"2":0,"3":0,"4":0,"5":0,"6":0,"7":0,"8":0},"b":{"0":[0,0],"1":[0,0],"2":[0,0],"3":[0,0],"4":[0,0]}}
,"/home/netcreature/Documents/code/mernApp/client/src/scenes/widgets/PostWidget.jsx": {"path":"/home/netcreature/Documents/code/mernApp/client/src/scenes/widgets/PostWidget.jsx","statementMap":{"0":{"start":{"line":15,"column":19},"end":{"line":113,"column":1}},"1":{"start":{"line":26,"column":38},"end":{"line":26,"column":53}},"2":{"start":{"line":27,"column":19},"end":{"line":27,"column":32}},"3":{"start":{"line":28,"column":16},"end":{"line":28,"column":51}},"4":{"start":{"line":28,"column":39},"end":{"line":28,"column":50}},"5":{"start":{"line":29,"column":25},"end":{"line":29,"column":63}},"6":{"start":{"line":29,"column":48},"end":{"line":29,"column":62}},"7":{"start":{"line":30,"column":18},"end":{"line":30,"column":48}},"8":{"start":{"line":31,"column":20},"end":{"line":31,"column":45}},"9":{"start":{"line":33,"column":22},"end":{"line":33,"column":32}},"10":{"start":{"line":34,"column":15},"end":{"line":34,"column":35}},"11":{"start":{"line":35,"column":18},"end":{"line":35,"column":38}},"12":{"start":{"line":37,"column":20},"end":{"line":51,"column":3}},"13":{"start":{"line":38,"column":21},"end":{"line":48,"column":5}},"14":{"start":{"line":49,"column":24},"end":{"line":49,"column":45}},"15":{"start":{"line":50,"column":4},"end":{"line":50,"column":45}},"16":{"start":{"line":53,"column":2},"end":{"line":112,"column":4}},"17":{"start":{"line":87,"column":39},"end":{"line":87,"column":65}},"18":{"start":{"line":101,"column":12},"end":{"line":106,"column":18}}},"fnMap":{"0":{"name":"(anonymous_0)","decl":{"start":{"line":15,"column":19},"end":{"line":15,"column":20}},"loc":{"start":{"line":25,"column":6},"end":{"line":113,"column":1}},"line":25},"1":{"name":"(anonymous_1)","decl":{"start":{"line":28,"column":28},"end":{"line":28,"column":29}},"loc":{"start":{"line":28,"column":39},"end":{"line":28,"column":50}},"line":28},"2":{"name":"(anonymous_2)","decl":{"start":{"line":29,"column":37},"end":{"line":29,"column":38}},"loc":{"start":{"line":29,"column":48},"end":{"line":29,"column":62}},"line":29},"3":{"name":"(anonymous_3)","decl":{"start":{"line":37,"column":20},"end":{"line":37,"column":21}},"loc":{"start":{"line":37,"column":32},"end":{"line":51,"column":3}},"line":37},"4":{"name":"(anonymous_4)","decl":{"start":{"line":87,"column":33},"end":{"line":87,"column":34}},"loc":{"start":{"line":87,"column":39},"end":{"line":87,"column":65}},"line":87},"5":{"name":"(anonymous_5)","decl":{"start":{"line":100,"column":24},"end":{"line":100,"column":25}},"loc":{"start":{"line":101,"column":12},"end":{"line":106,"column":18}},"line":101}},"branchMap":{"0":{"loc":{"start":{"line":64,"column":7},"end":{"line":72,"column":7}},"type":"binary-expr","locations":[{"start":{"line":64,"column":7},"end":{"line":64,"column":18}},{"start":{"line":65,"column":8},"end":{"line":71,"column":10}}],"line":64},"1":{"loc":{"start":{"line":77,"column":15},"end":{"line":81,"column":15}},"type":"cond-expr","locations":[{"start":{"line":78,"column":16},"end":{"line":78,"column":60}},{"start":{"line":80,"column":16},"end":{"line":80,"column":42}}],"line":77},"2":{"loc":{"start":{"line":98,"column":7},"end":{"line":110,"column":7}},"type":"binary-expr","locations":[{"start":{"line":98,"column":7},"end":{"line":98,"column":17}},{"start":{"line":99,"column":8},"end":{"line":109,"column":14}}],"line":98}},"s":{"0":0,"1":0,"2":0,"3":0,"4":0,"5":0,"6":0,"7":0,"8":0,"9":0,"10":0,"11":0,"12":0,"13":0,"14":0,"15":0,"16":0,"17":0,"18":0},"f":{"0":0,"1":0,"2":0,"3":0,"4":0,"5":0},"b":{"0":[0,0],"1":[0,0],"2":[0,0]}}
,"/home/netcreature/Documents/code/mernApp/client/src/scenes/widgets/PostsWidget.jsx": {"path":"/home/netcreature/Documents/code/mernApp/client/src/scenes/widgets/PostsWidget.jsx","statementMap":{"0":{"start":{"line":6,"column":20},"end":{"line":74,"column":1}},"1":{"start":{"line":7,"column":19},"end":{"line":7,"column":32}},"2":{"start":{"line":8,"column":16},"end":{"line":8,"column":51}},"3":{"start":{"line":8,"column":39},"end":{"line":8,"column":50}},"4":{"start":{"line":9,"column":16},"end":{"line":9,"column":51}},"5":{"start":{"line":9,"column":39},"end":{"line":9,"column":50}},"6":{"start":{"line":11,"column":19},"end":{"line":21,"column":3}},"7":{"start":{"line":12,"column":21},"end":{"line":18,"column":5}},"8":{"start":{"line":19,"column":17},"end":{"line":19,"column":38}},"9":{"start":{"line":20,"column":4},"end":{"line":20,"column":40}},"10":{"start":{"line":23,"column":23},"end":{"line":33,"column":3}},"11":{"start":{"line":24,"column":21},"end":{"line":30,"column":5}},"12":{"start":{"line":31,"column":17},"end":{"line":31,"column":38}},"13":{"start":{"line":32,"column":4},"end":{"line":32,"column":40}},"14":{"start":{"line":35,"column":2},"end":{"line":41,"column":9}},"15":{"start":{"line":36,"column":4},"end":{"line":40,"column":5}},"16":{"start":{"line":37,"column":6},"end":{"line":37,"column":21}},"17":{"start":{"line":39,"column":6},"end":{"line":39,"column":17}},"18":{"start":{"line":43,"column":2},"end":{"line":73,"column":4}},"19":{"start":{"line":58,"column":10},"end":{"line":69,"column":12}}},"fnMap":{"0":{"name":"(anonymous_0)","decl":{"start":{"line":6,"column":20},"end":{"line":6,"column":21}},"loc":{"start":{"line":6,"column":55},"end":{"line":74,"column":1}},"line":6},"1":{"name":"(anonymous_1)","decl":{"start":{"line":8,"column":28},"end":{"line":8,"column":29}},"loc":{"start":{"line":8,"column":39},"end":{"line":8,"column":50}},"line":8},"2":{"name":"(anonymous_2)","decl":{"start":{"line":9,"column":28},"end":{"line":9,"column":29}},"loc":{"start":{"line":9,"column":39},"end":{"line":9,"column":50}},"line":9},"3":{"name":"(anonymous_3)","decl":{"start":{"line":11,"column":19},"end":{"line":11,"column":20}},"loc":{"start":{"line":11,"column":31},"end":{"line":21,"column":3}},"line":11},"4":{"name":"(anonymous_4)","decl":{"start":{"line":23,"column":23},"end":{"line":23,"column":24}},"loc":{"start":{"line":23,"column":35},"end":{"line":33,"column":3}},"line":23},"5":{"name":"(anonymous_5)","decl":{"start":{"line":35,"column":12},"end":{"line":35,"column":13}},"loc":{"start":{"line":35,"column":18},"end":{"line":41,"column":3}},"line":35},"6":{"name":"(anonymous_6)","decl":{"start":{"line":46,"column":8},"end":{"line":46,"column":9}},"loc":{"start":{"line":58,"column":10},"end":{"line":69,"column":12}},"line":58}},"branchMap":{"0":{"loc":{"start":{"line":6,"column":31},"end":{"line":6,"column":48}},"type":"default-arg","locations":[{"start":{"line":6,"column":43},"end":{"line":6,"column":48}}],"line":6},"1":{"loc":{"start":{"line":36,"column":4},"end":{"line":40,"column":5}},"type":"if","locations":[{"start":{"line":36,"column":4},"end":{"line":40,"column":5}},{"start":{"line":38,"column":11},"end":{"line":40,"column":5}}],"line":36}},"s":{"0":0,"1":0,"2":0,"3":0,"4":0,"5":0,"6":0,"7":0,"8":0,"9":0,"10":0,"11":0,"12":0,"13":0,"14":0,"15":0,"16":0,"17":0,"18":0,"19":0},"f":{"0":0,"1":0,"2":0,"3":0,"4":0,"5":0,"6":0},"b":{"0":[0],"1":[0,0]}}
,"/home/netcreature/Documents/code/mernApp/client/src/scenes/widgets/UserWidget.jsx": {"path":"/home/netcreature/Documents/code/mernApp/client/src/scenes/widgets/UserWidget.jsx","statementMap":{"0":{"start":{"line":15,"column":19},"end":{"line":152,"column":1}},"1":{"start":{"line":16,"column":26},"end":{"line":16,"column":40}},"2":{"start":{"line":17,"column":22},"end":{"line":17,"column":32}},"3":{"start":{"line":18,"column":19},"end":{"line":18,"column":32}},"4":{"start":{"line":19,"column":16},"end":{"line":19,"column":51}},"5":{"start":{"line":19,"column":39},"end":{"line":19,"column":50}},"6":{"start":{"line":20,"column":15},"end":{"line":20,"column":35}},"7":{"start":{"line":21,"column":17},"end":{"line":21,"column":39}},"8":{"start":{"line":22,"column":15},"end":{"line":22,"column":35}},"9":{"start":{"line":24,"column":18},"end":{"line":34,"column":3}},"10":{"start":{"line":25,"column":21},"end":{"line":31,"column":5}},"11":{"start":{"line":32,"column":17},"end":{"line":32,"column":38}},"12":{"start":{"line":33,"column":4},"end":{"line":33,"column":18}},"13":{"start":{"line":36,"column":2},"end":{"line":38,"column":9}},"14":{"start":{"line":37,"column":4},"end":{"line":37,"column":14}},"15":{"start":{"line":40,"column":2},"end":{"line":42,"column":3}},"16":{"start":{"line":41,"column":4},"end":{"line":41,"column":16}},"17":{"start":{"line":52,"column":6},"end":{"line":52,"column":10}},"18":{"start":{"line":54,"column":2},"end":{"line":151,"column":4}},"19":{"start":{"line":60,"column":23},"end":{"line":60,"column":53}}},"fnMap":{"0":{"name":"(anonymous_0)","decl":{"start":{"line":15,"column":19},"end":{"line":15,"column":20}},"loc":{"start":{"line":15,"column":48},"end":{"line":152,"column":1}},"line":15},"1":{"name":"(anonymous_1)","decl":{"start":{"line":19,"column":28},"end":{"line":19,"column":29}},"loc":{"start":{"line":19,"column":39},"end":{"line":19,"column":50}},"line":19},"2":{"name":"(anonymous_2)","decl":{"start":{"line":24,"column":18},"end":{"line":24,"column":19}},"loc":{"start":{"line":24,"column":30},"end":{"line":34,"column":3}},"line":24},"3":{"name":"(anonymous_3)","decl":{"start":{"line":36,"column":12},"end":{"line":36,"column":13}},"loc":{"start":{"line":36,"column":18},"end":{"line":38,"column":3}},"line":36},"4":{"name":"(anonymous_4)","decl":{"start":{"line":60,"column":17},"end":{"line":60,"column":18}},"loc":{"start":{"line":60,"column":23},"end":{"line":60,"column":53}},"line":60}},"branchMap":{"0":{"loc":{"start":{"line":40,"column":2},"end":{"line":42,"column":3}},"type":"if","locations":[{"start":{"line":40,"column":2},"end":{"line":42,"column":3}},{"start":{},"end":{}}],"line":40}},"s":{"0":0,"1":0,"2":0,"3":0,"4":0,"5":0,"6":0,"7":0,"8":0,"9":0,"10":0,"11":0,"12":0,"13":0,"14":0,"15":0,"16":0,"17":0,"18":0,"19":0},"f":{"0":0,"1":0,"2":0,"3":0,"4":0},"b":{"0":[0,0]}}
,"/home/netcreature/Documents/code/mernApp/client/src/state/index.js": {"path":"/home/netcreature/Documents/code/mernApp/client/src/state/index.js","statementMap":{"0":{"start":{"line":3,"column":21},"end":{"line":8,"column":1}},"1":{"start":{"line":10,"column":25},"end":{"line":43,"column":2}},"2":{"start":{"line":15,"column":6},"end":{"line":15,"column":61}},"3":{"start":{"line":18,"column":6},"end":{"line":18,"column":39}},"4":{"start":{"line":19,"column":6},"end":{"line":19,"column":41}},"5":{"start":{"line":22,"column":6},"end":{"line":22,"column":24}},"6":{"start":{"line":23,"column":6},"end":{"line":23,"column":25}},"7":{"start":{"line":26,"column":6},"end":{"line":30,"column":7}},"8":{"start":{"line":27,"column":8},"end":{"line":27,"column":52}},"9":{"start":{"line":29,"column":8},"end":{"line":29,"column":54}},"10":{"start":{"line":33,"column":6},"end":{"line":33,"column":41}},"11":{"start":{"line":36,"column":27},"end":{"line":39,"column":8}},"12":{"start":{"line":37,"column":8},"end":{"line":37,"column":77}},"13":{"start":{"line":37,"column":50},"end":{"line":37,"column":77}},"14":{"start":{"line":38,"column":8},"end":{"line":38,"column":20}},"15":{"start":{"line":40,"column":6},"end":{"line":40,"column":33}},"16":{"start":{"line":46,"column":2},"end":{"line":46,"column":19}}},"fnMap":{"0":{"name":"(anonymous_0)","decl":{"start":{"line":14,"column":13},"end":{"line":14,"column":14}},"loc":{"start":{"line":14,"column":24},"end":{"line":16,"column":5}},"line":14},"1":{"name":"(anonymous_1)","decl":{"start":{"line":17,"column":14},"end":{"line":17,"column":15}},"loc":{"start":{"line":17,"column":33},"end":{"line":20,"column":5}},"line":17},"2":{"name":"(anonymous_2)","decl":{"start":{"line":21,"column":15},"end":{"line":21,"column":16}},"loc":{"start":{"line":21,"column":26},"end":{"line":24,"column":5}},"line":21},"3":{"name":"(anonymous_3)","decl":{"start":{"line":25,"column":16},"end":{"line":25,"column":17}},"loc":{"start":{"line":25,"column":35},"end":{"line":31,"column":5}},"line":25},"4":{"name":"(anonymous_4)","decl":{"start":{"line":32,"column":14},"end":{"line":32,"column":15}},"loc":{"start":{"line":32,"column":33},"end":{"line":34,"column":5}},"line":32},"5":{"name":"(anonymous_5)","decl":{"start":{"line":35,"column":13},"end":{"line":35,"column":14}},"loc":{"start":{"line":35,"column":32},"end":{"line":41,"column":5}},"line":35},"6":{"name":"(anonymous_6)","decl":{"start":{"line":36,"column":43},"end":{"line":36,"column":44}},"loc":{"start":{"line":36,"column":53},"end":{"line":39,"column":7}},"line":36}},"branchMap":{"0":{"loc":{"start":{"line":15,"column":19},"end":{"line":15,"column":60}},"type":"cond-expr","locations":[{"start":{"line":15,"column":44},"end":{"line":15,"column":50}},{"start":{"line":15,"column":53},"end":{"line":15,"column":60}}],"line":15},"1":{"loc":{"start":{"line":26,"column":6},"end":{"line":30,"column":7}},"type":"if","locations":[{"start":{"line":26,"column":6},"end":{"line":30,"column":7}},{"start":{"line":28,"column":13},"end":{"line":30,"column":7}}],"line":26},"2":{"loc":{"start":{"line":37,"column":8},"end":{"line":37,"column":77}},"type":"if","locations":[{"start":{"line":37,"column":8},"end":{"line":37,"column":77}},{"start":{},"end":{}}],"line":37}},"s":{"0":1,"1":1,"2":0,"3":0,"4":0,"5":0,"6":0,"7":0,"8":0,"9":0,"10":0,"11":0,"12":0,"13":0,"14":0,"15":0,"16":1},"f":{"0":0,"1":0,"2":0,"3":0,"4":0,"5":0,"6":0},"b":{"0":[0,0],"1":[0,0],"2":[0,0]},"_coverageSchema":"1a1c01bbd47fc00a2c39e90264f33305004495a9","hash":"24c0da929ace3ca0c5fc17e6cb328d511fa1f64d"}
}
